TN:
SF:src/modules/appointments/services/CreateAppointmentService.ts
FN:41,Object.<anonymous>
FN:41,Object.<anonymous>.__decorate
FN:41,Object.<anonymous>.__metadata
FN:41,Object.<anonymous>.__param
FN:41,Object.<anonymous>.__awaiter
FN:41,adopt
FN:41,fulfilled
FN:41,rejected
FN:41,step
FN:41,Object.<anonymous>.__generator
FN:41,sent
FN:41,Symbol.function.g.(anonymous function)
FN:41,verb
FN:41,step
FN:41,Object.<anonymous>.__importDefault
FN:16,CreateAppointmentService
FN:21,Object.<anonymous>.CreateAppointmentService.execute
FNF:17
FNH:15
FNDA:1,Object.<anonymous>
FNDA:1,Object.<anonymous>.__decorate
FNDA:1,Object.<anonymous>.__metadata
FNDA:1,Object.<anonymous>.__param
FNDA:3,Object.<anonymous>.__awaiter
FNDA:5,adopt
FNDA:5,fulfilled
FNDA:0,rejected
FNDA:7,step
FNDA:3,Object.<anonymous>.__generator
FNDA:5,sent
FNDA:0,Symbol.function.g.(anonymous function)
FNDA:9,verb
FNDA:8,step
FNDA:1,Object.<anonymous>.__importDefault
FNDA:2,CreateAppointmentService
FNDA:3,Object.<anonymous>.CreateAppointmentService.execute
DA:1,1
DA:2,1
DA:3,1
DA:4,1
DA:5,1
DA:6,1
DA:7,1
DA:8,1
DA:9,1
DA:10,1
DA:11,1
DA:12,1
DA:13,1
DA:14,1
DA:15,1
DA:16,1
DA:17,2
DA:18,2
DA:19,2
DA:20,1
DA:21,1
DA:22,3
DA:23,3
DA:24,3
DA:25,3
DA:26,3
DA:27,3
DA:28,3
DA:29,1
DA:30,0
DA:31,2
DA:32,2
DA:33,2
DA:34,2
DA:35,2
DA:36,3
DA:37,3
DA:38,3
DA:39,1
DA:40,1
DA:41,1
LF:41
LH:40
BRDA:41,0,0,1
BRDA:41,1,0,1
BRDA:41,2,0,1
BRDA:41,3,0,0
BRDA:41,4,0,0
BRDA:41,5,0,0
BRDA:41,6,0,0
BRDA:41,7,0,0
BRDA:41,8,0,1
BRDA:41,9,0,0
BRDA:41,10,0,1
BRDA:41,11,0,0
BRDA:41,12,0,1
BRDA:41,13,0,3
BRDA:41,14,0,0
BRDA:41,15,0,5
BRDA:41,16,0,0
BRDA:41,17,0,0
BRDA:41,18,0,3
BRDA:41,19,0,5
BRDA:41,20,0,1
BRDA:41,21,0,7
BRDA:41,22,0,2
BRDA:41,23,0,5
BRDA:41,24,0,3
BRDA:41,25,0,0
BRDA:41,26,0,5
BRDA:41,27,0,0
BRDA:41,28,0,0
BRDA:41,29,0,9
BRDA:41,30,0,0
BRDA:41,31,0,8
BRDA:41,32,0,0
BRDA:41,33,0,8
BRDA:41,34,0,0
BRDA:41,35,0,16
BRDA:41,36,0,0
BRDA:41,37,0,0
BRDA:41,38,0,0
BRDA:41,39,0,0
BRDA:41,40,0,8
BRDA:41,41,0,8
BRDA:41,42,0,0
BRDA:41,43,0,5
BRDA:41,44,0,0
BRDA:41,45,0,3
BRDA:41,46,0,0
BRDA:41,47,0,2
BRDA:41,48,0,0
BRDA:41,49,0,0
BRDA:41,50,0,0
BRDA:41,51,0,0
BRDA:41,52,0,0
BRDA:41,53,0,8
BRDA:41,54,0,7
BRDA:41,55,0,1
BRDA:41,56,0,8
BRDA:41,57,0,1
BRDA:41,58,0,2
BRDA:41,59,0,0
BRDA:41,60,0,0
BRDA:41,61,0,1
BRDA:41,62,0,0
BRDA:41,63,0,0
BRDA:15,64,0,1
BRDA:39,65,0,0
BRDA:16,66,0,2
BRDA:21,67,0,3
BRDA:41,68,0,0
BRDA:41,69,0,3
BRDA:41,70,0,0
BRDA:41,71,0,8
BRDA:41,72,0,3
BRDA:41,73,0,0
BRDA:41,74,0,3
BRDA:28,75,0,1
BRDA:29,76,0,0
BRDA:30,77,0,2
BRDA:41,78,0,0
BRDA:41,79,0,2
BRDA:41,80,0,0
BRF:81
BRH:42
end_of_record
TN:
SF:src/modules/users/services/AuthenticateUserService.ts
FN:59,Object.<anonymous>
FN:59,Object.<anonymous>.__decorate
FN:59,Object.<anonymous>.__metadata
FN:59,Object.<anonymous>.__param
FN:59,Object.<anonymous>.__awaiter
FN:59,adopt
FN:59,fulfilled
FN:59,rejected
FN:59,step
FN:59,Object.<anonymous>.__generator
FN:59,sent
FN:59,Symbol.function.g.(anonymous function)
FN:59,verb
FN:59,step
FN:59,Object.<anonymous>.__importDefault
FN:24,AuthenticateUserService
FN:32,Object.<anonymous>.AuthenticateUserService.execute
FNF:17
FNH:15
FNDA:1,Object.<anonymous>
FNDA:1,Object.<anonymous>.__decorate
FNDA:1,Object.<anonymous>.__metadata
FNDA:2,Object.<anonymous>.__param
FNDA:3,Object.<anonymous>.__awaiter
FNDA:5,adopt
FNDA:5,fulfilled
FNDA:0,rejected
FNDA:6,step
FNDA:3,Object.<anonymous>.__generator
FNDA:5,sent
FNDA:0,Symbol.function.g.(anonymous function)
FNDA:9,verb
FNDA:8,step
FNDA:2,Object.<anonymous>.__importDefault
FNDA:3,AuthenticateUserService
FNDA:3,Object.<anonymous>.AuthenticateUserService.execute
DA:1,1
DA:2,1
DA:3,1
DA:4,1
DA:5,1
DA:6,1
DA:7,1
DA:8,1
DA:9,1
DA:10,1
DA:11,1
DA:12,1
DA:13,1
DA:14,1
DA:15,1
DA:16,1
DA:17,1
DA:18,1
DA:19,1
DA:20,1
DA:21,1
DA:22,1
DA:23,1
DA:24,1
DA:25,3
DA:26,3
DA:27,3
DA:28,3
DA:29,3
DA:30,3
DA:31,1
DA:32,1
DA:33,3
DA:34,3
DA:35,3
DA:36,1
DA:37,0
DA:38,2
DA:39,2
DA:40,2
DA:41,2
DA:42,2
DA:43,3
DA:44,3
DA:45,1
DA:46,0
DA:47,1
DA:48,1
DA:49,1
DA:50,1
DA:51,1
DA:52,1
DA:53,1
DA:54,1
DA:55,1
DA:56,3
DA:57,1
DA:58,1
DA:59,1
LF:59
LH:57
BRDA:59,0,0,1
BRDA:59,1,0,1
BRDA:59,2,0,1
BRDA:59,3,0,0
BRDA:59,4,0,0
BRDA:59,5,0,0
BRDA:59,6,0,0
BRDA:59,7,0,0
BRDA:59,8,0,1
BRDA:59,9,0,0
BRDA:59,10,0,2
BRDA:59,11,0,0
BRDA:59,12,0,2
BRDA:59,13,0,3
BRDA:59,14,0,0
BRDA:59,15,0,5
BRDA:59,16,0,0
BRDA:59,17,0,0
BRDA:59,18,0,3
BRDA:59,19,0,5
BRDA:59,20,0,2
BRDA:59,21,0,6
BRDA:59,22,0,1
BRDA:59,23,0,5
BRDA:59,24,0,3
BRDA:59,25,0,0
BRDA:59,26,0,5
BRDA:59,27,0,0
BRDA:59,28,0,0
BRDA:59,29,0,9
BRDA:59,30,0,0
BRDA:59,31,0,8
BRDA:59,32,0,0
BRDA:59,33,0,8
BRDA:59,34,0,0
BRDA:59,35,0,16
BRDA:59,36,0,0
BRDA:59,37,0,0
BRDA:59,38,0,0
BRDA:59,39,0,0
BRDA:59,40,0,8
BRDA:59,41,0,8
BRDA:59,42,0,0
BRDA:59,43,0,5
BRDA:59,44,0,0
BRDA:59,45,0,3
BRDA:59,46,0,0
BRDA:59,47,0,1
BRDA:59,48,0,0
BRDA:59,49,0,0
BRDA:59,50,0,0
BRDA:59,51,0,0
BRDA:59,52,0,0
BRDA:59,53,0,8
BRDA:59,54,0,6
BRDA:59,55,0,2
BRDA:59,56,0,8
BRDA:59,57,0,2
BRDA:59,58,0,1
BRDA:59,59,0,0
BRDA:59,60,0,0
BRDA:59,61,0,2
BRDA:59,62,0,0
BRDA:59,63,0,0
BRDA:23,64,0,1
BRDA:57,65,0,0
BRDA:24,66,0,3
BRDA:32,67,0,3
BRDA:59,68,0,0
BRDA:59,69,0,3
BRDA:59,70,0,0
BRDA:59,71,0,8
BRDA:33,72,0,3
BRDA:59,73,0,0
BRDA:59,74,0,3
BRDA:35,75,0,1
BRDA:36,76,0,0
BRDA:37,77,0,2
BRDA:59,78,0,0
BRDA:59,79,0,2
BRDA:44,80,0,1
BRDA:45,81,0,0
BRDA:59,82,0,0
BRF:83
BRH:43
end_of_record
TN:
SF:src/modules/users/services/CreateUserService.ts
FN:44,Object.<anonymous>
FN:44,Object.<anonymous>.__decorate
FN:44,Object.<anonymous>.__metadata
FN:44,Object.<anonymous>.__param
FN:44,Object.<anonymous>.__awaiter
FN:44,adopt
FN:44,fulfilled
FN:44,rejected
FN:44,step
FN:44,Object.<anonymous>.__generator
FN:44,sent
FN:44,Symbol.function.g.(anonymous function)
FN:44,verb
FN:44,step
FN:44,Object.<anonymous>.__importDefault
FN:17,CreateUserService
FN:25,Object.<anonymous>.CreateUserService.execute
FNF:17
FNH:15
FNDA:2,Object.<anonymous>
FNDA:2,Object.<anonymous>.__decorate
FNDA:2,Object.<anonymous>.__metadata
FNDA:4,Object.<anonymous>.__param
FNDA:5,Object.<anonymous>.__awaiter
FNDA:13,adopt
FNDA:13,fulfilled
FNDA:0,rejected
FNDA:17,step
FNDA:5,Object.<anonymous>.__generator
FNDA:13,sent
FNDA:0,Symbol.function.g.(anonymous function)
FNDA:15,verb
FNDA:18,step
FNDA:2,Object.<anonymous>.__importDefault
FNDA:4,CreateUserService
FNDA:5,Object.<anonymous>.CreateUserService.execute
DA:1,1
DA:2,1
DA:3,1
DA:4,1
DA:5,1
DA:6,1
DA:7,1
DA:8,1
DA:9,1
DA:10,1
DA:11,1
DA:12,1
DA:13,1
DA:14,1
DA:15,1
DA:16,2
DA:17,2
DA:18,4
DA:19,4
DA:20,4
DA:21,4
DA:22,4
DA:23,4
DA:24,2
DA:25,2
DA:26,5
DA:27,5
DA:28,5
DA:29,1
DA:30,0
DA:31,4
DA:32,4
DA:33,5
DA:34,5
DA:35,5
DA:36,5
DA:37,5
DA:38,5
DA:39,5
DA:40,5
DA:41,5
DA:42,2
DA:43,1
DA:44,1
LF:44
LH:43
BRDA:44,0,0,2
BRDA:44,1,0,2
BRDA:44,2,0,2
BRDA:44,3,0,0
BRDA:44,4,0,0
BRDA:44,5,0,0
BRDA:44,6,0,0
BRDA:44,7,0,0
BRDA:44,8,0,2
BRDA:44,9,0,0
BRDA:44,10,0,4
BRDA:44,11,0,0
BRDA:44,12,0,4
BRDA:44,13,0,5
BRDA:44,14,0,0
BRDA:44,15,0,13
BRDA:44,16,0,0
BRDA:44,17,0,0
BRDA:44,18,0,5
BRDA:44,19,0,13
BRDA:44,20,0,1
BRDA:44,21,0,17
BRDA:44,22,0,4
BRDA:44,23,0,13
BRDA:44,24,0,5
BRDA:44,25,0,0
BRDA:44,26,0,13
BRDA:44,27,0,0
BRDA:44,28,0,0
BRDA:44,29,0,15
BRDA:44,30,0,0
BRDA:44,31,0,18
BRDA:44,32,0,0
BRDA:44,33,0,18
BRDA:44,34,0,0
BRDA:44,35,0,36
BRDA:44,36,0,0
BRDA:44,37,0,0
BRDA:44,38,0,0
BRDA:44,39,0,0
BRDA:44,40,0,18
BRDA:44,41,0,18
BRDA:44,42,0,0
BRDA:44,43,0,13
BRDA:44,44,0,0
BRDA:44,45,0,5
BRDA:44,46,0,0
BRDA:44,47,0,4
BRDA:44,48,0,0
BRDA:44,49,0,0
BRDA:44,50,0,0
BRDA:44,51,0,0
BRDA:44,52,0,0
BRDA:44,53,0,28
BRDA:44,54,0,18
BRDA:44,55,0,17
BRDA:44,56,0,1
BRDA:44,57,0,18
BRDA:44,58,0,1
BRDA:44,59,0,4
BRDA:44,60,0,0
BRDA:44,61,0,0
BRDA:44,62,0,2
BRDA:44,63,0,0
BRDA:44,64,0,0
BRDA:16,65,0,2
BRDA:42,66,0,0
BRDA:17,67,0,4
BRDA:25,68,0,5
BRDA:44,69,0,0
BRDA:44,70,0,5
BRDA:44,71,0,0
BRDA:44,72,0,18
BRDA:26,73,0,5
BRDA:44,74,0,0
BRDA:44,75,0,5
BRDA:28,76,0,1
BRDA:29,77,0,0
BRDA:30,78,0,4
BRDA:44,79,0,0
BRDA:44,80,0,4
BRDA:44,81,0,0
BRDA:44,82,0,4
BRDA:44,83,0,0
BRF:84
BRH:44
end_of_record
TN:
SF:src/modules/users/services/UpdateUserAvatarService.ts
FN:1,(empty-report)
FNF:1
FNH:0
FNDA:0,(empty-report)
DA:1,0
DA:2,0
DA:3,0
DA:4,0
DA:5,0
DA:6,0
DA:7,0
DA:8,0
DA:9,0
DA:10,0
DA:11,0
DA:12,0
DA:13,0
DA:14,0
DA:15,0
DA:16,0
DA:17,0
DA:18,0
DA:19,0
DA:20,0
DA:21,0
DA:22,0
DA:23,0
DA:24,0
DA:25,0
DA:26,0
DA:27,0
DA:28,0
DA:29,0
DA:30,0
DA:31,0
DA:32,0
DA:33,0
DA:34,0
DA:35,0
DA:36,0
DA:37,0
DA:38,0
DA:39,0
DA:40,0
DA:41,0
DA:42,0
DA:43,0
DA:44,0
DA:45,0
DA:46,0
DA:47,0
DA:48,0
DA:49,0
LF:49
LH:0
BRDA:1,0,0,0
BRF:1
BRH:0
end_of_record
